<?xml version="1.0" encoding="UTF-8"?>
<testng-results ignored="0" total="3" passed="3" failed="0" skipped="0">
  <reporter-output>
  </reporter-output>
  <suite started-at="2023-07-04T02:09:42 IST" name="Suite" finished-at="2023-07-04T02:11:56 IST" duration-ms="133576">
    <groups>
    </groups>
    <test started-at="2023-07-04T02:09:42 IST" name="Test" finished-at="2023-07-04T02:11:56 IST" duration-ms="133576">
      <class name="com.arun.TC_Login">
        <test-method signature="login_Test()[pri:0, instance:com.arun.TC_Login@54bff557]" started-at="2023-07-04T02:09:43 IST" name="login_Test" finished-at="2023-07-04T02:11:56 IST" duration-ms="133356" status="PASS">
          <reporter-output>
          </reporter-output>
        </test-method> <!-- login_Test -->
      </class> <!-- com.arun.TC_Login -->
      <class name="com.arun.AppTest">
        <test-method signature="testlogin1()[pri:0, instance:com.arun.AppTest@2c35e847]" started-at="2023-07-04T02:09:43 IST" name="testlogin1" finished-at="2023-07-04T02:09:43 IST" duration-ms="103" status="PASS">
          <reporter-output>
          </reporter-output>
        </test-method> <!-- testlogin1 -->
        <test-method signature="testlogin2()[pri:0, instance:com.arun.AppTest@2c35e847]" started-at="2023-07-04T02:09:43 IST" name="testlogin2" finished-at="2023-07-04T02:09:43 IST" duration-ms="4" status="PASS">
          <reporter-output>
          </reporter-output>
        </test-method> <!-- testlogin2 -->
      </class> <!-- com.arun.AppTest -->
    </test> <!-- Test -->
  </suite> <!-- Suite -->
</testng-results>
